<?xml version="1.0" encoding="UTF-8"?>
<coverage generated="1718114109820" clover="3.2.0">
  <project timestamp="1718114109820" name="All files">
    <metrics statements="102" coveredstatements="74" conditionals="57" coveredconditionals="35" methods="19" coveredmethods="15" elements="178" coveredelements="124" complexity="0" loc="102" ncloc="102" packages="2" files="8" classes="8"/>
    <package name="js">
      <metrics statements="84" coveredstatements="56" conditionals="57" coveredconditionals="35" methods="16" coveredmethods="12"/>
      <file name="Character.js" path="C:\Users\speed\OneDrive\Рабочий стол\js-advanced-diploma\src\js\Character.js">
        <metrics statements="13" coveredstatements="8" conditionals="5" coveredconditionals="3" methods="3" coveredmethods="2"/>
        <line num="17" count="415" type="stmt"/>
        <line num="18" count="415" type="stmt"/>
        <line num="19" count="415" type="stmt"/>
        <line num="20" count="415" type="stmt"/>
        <line num="21" count="415" type="stmt"/>
        <line num="23" count="415" type="cond" truecount="2" falsecount="0"/>
        <line num="24" count="1" type="stmt"/>
        <line num="29" count="1" type="stmt"/>
        <line num="33" count="0" type="cond" truecount="0" falsecount="2"/>
        <line num="34" count="0" type="stmt"/>
        <line num="36" count="0" type="stmt"/>
        <line num="37" count="0" type="stmt"/>
        <line num="38" count="0" type="stmt"/>
      </file>
      <file name="PositionedCharacter.js" path="C:\Users\speed\OneDrive\Рабочий стол\js-advanced-diploma\src\js\PositionedCharacter.js">
        <metrics statements="37" coveredstatements="19" conditionals="26" coveredconditionals="10" methods="5" coveredmethods="3"/>
        <line num="5" count="11" type="cond" truecount="2" falsecount="0"/>
        <line num="6" count="1" type="stmt"/>
        <line num="9" count="10" type="cond" truecount="2" falsecount="0"/>
        <line num="10" count="1" type="stmt"/>
        <line num="13" count="9" type="stmt"/>
        <line num="14" count="9" type="stmt"/>
        <line num="18" count="0" type="stmt"/>
        <line num="19" count="0" type="stmt"/>
        <line num="20" count="0" type="stmt"/>
        <line num="24" count="0" type="stmt"/>
        <line num="25" count="0" type="stmt"/>
        <line num="26" count="0" type="stmt"/>
        <line num="28" count="0" type="stmt"/>
        <line num="29" count="0" type="cond" truecount="0" falsecount="2"/>
        <line num="30" count="0" type="stmt"/>
        <line num="31" count="0" type="cond" truecount="0" falsecount="2"/>
        <line num="32" count="0" type="cond" truecount="0" falsecount="2"/>
        <line num="34" count="0" type="cond" truecount="0" falsecount="2"/>
        <line num="35" count="0" type="stmt"/>
        <line num="36" count="0" type="cond" truecount="0" falsecount="2"/>
        <line num="37" count="0" type="cond" truecount="0" falsecount="2"/>
        <line num="39" count="0" type="cond" truecount="0" falsecount="2"/>
        <line num="40" count="0" type="cond" truecount="0" falsecount="2"/>
        <line num="43" count="0" type="stmt"/>
        <line num="48" count="2" type="stmt"/>
        <line num="49" count="2" type="stmt"/>
        <line num="50" count="2" type="stmt"/>
        <line num="54" count="2" type="stmt"/>
        <line num="55" count="2" type="stmt"/>
        <line num="56" count="2" type="stmt"/>
        <line num="58" count="2" type="stmt"/>
        <line num="59" count="18" type="stmt"/>
        <line num="60" count="162" type="stmt"/>
        <line num="61" count="162" type="stmt"/>
        <line num="62" count="162" type="cond" truecount="6" falsecount="0"/>
        <line num="63" count="50" type="stmt"/>
        <line num="68" count="2" type="stmt"/>
      </file>
      <file name="Team.js" path="C:\Users\speed\OneDrive\Рабочий стол\js-advanced-diploma\src\js\Team.js">
        <metrics statements="7" coveredstatements="7" conditionals="3" coveredconditionals="3" methods="4" coveredmethods="4"/>
        <line num="19" count="4" type="stmt"/>
        <line num="23" count="3" type="cond" truecount="2" falsecount="0"/>
        <line num="24" count="1" type="stmt"/>
        <line num="26" count="2" type="stmt"/>
        <line num="30" count="2" type="stmt"/>
        <line num="31" count="8" type="stmt"/>
        <line num="36" count="1" type="stmt"/>
      </file>
      <file name="generators.js" path="C:\Users\speed\OneDrive\Рабочий стол\js-advanced-diploma\src\js\generators.js">
        <metrics statements="11" coveredstatements="11" conditionals="0" coveredconditionals="0" methods="2" coveredmethods="2"/>
        <line num="15" count="5" type="stmt"/>
        <line num="16" count="403" type="stmt"/>
        <line num="17" count="403" type="stmt"/>
        <line num="18" count="403" type="stmt"/>
        <line num="19" count="403" type="stmt"/>
        <line num="32" count="3" type="stmt"/>
        <line num="33" count="3" type="stmt"/>
        <line num="35" count="3" type="stmt"/>
        <line num="36" count="103" type="stmt"/>
        <line num="39" count="3" type="stmt"/>
        <line num="41" count="3" type="stmt"/>
      </file>
      <file name="utils.js" path="C:\Users\speed\OneDrive\Рабочий стол\js-advanced-diploma\src\js\utils.js">
        <metrics statements="16" coveredstatements="11" conditionals="23" coveredconditionals="19" methods="2" coveredmethods="1"/>
        <line num="28" count="9" type="stmt"/>
        <line num="30" count="9" type="cond" truecount="9" falsecount="0"/>
        <line num="32" count="1" type="stmt"/>
        <line num="35" count="1" type="stmt"/>
        <line num="38" count="1" type="stmt"/>
        <line num="41" count="1" type="stmt"/>
        <line num="44" count="1" type="stmt"/>
        <line num="47" count="1" type="stmt"/>
        <line num="52" count="1" type="stmt"/>
        <line num="57" count="1" type="stmt"/>
        <line num="60" count="1" type="stmt"/>
        <line num="65" count="0" type="cond" truecount="0" falsecount="2"/>
        <line num="66" count="0" type="stmt"/>
        <line num="69" count="0" type="cond" truecount="0" falsecount="2"/>
        <line num="70" count="0" type="stmt"/>
        <line num="73" count="0" type="stmt"/>
      </file>
    </package>
    <package name="js.characters">
      <metrics statements="18" coveredstatements="18" conditionals="0" coveredconditionals="0" methods="3" coveredmethods="3"/>
      <file name="Bowman.js" path="C:\Users\speed\OneDrive\Рабочий стол\js-advanced-diploma\src\js\characters\Bowman.js">
        <metrics statements="6" coveredstatements="6" conditionals="0" coveredconditionals="0" methods="1" coveredmethods="1"/>
        <line num="5" count="143" type="stmt"/>
        <line num="6" count="143" type="stmt"/>
        <line num="7" count="143" type="stmt"/>
        <line num="8" count="143" type="stmt"/>
        <line num="9" count="143" type="stmt"/>
        <line num="10" count="143" type="stmt"/>
      </file>
      <file name="Magician.js" path="C:\Users\speed\OneDrive\Рабочий стол\js-advanced-diploma\src\js\characters\Magician.js">
        <metrics statements="6" coveredstatements="6" conditionals="0" coveredconditionals="0" methods="1" coveredmethods="1"/>
        <line num="5" count="141" type="stmt"/>
        <line num="6" count="141" type="stmt"/>
        <line num="7" count="141" type="stmt"/>
        <line num="8" count="141" type="stmt"/>
        <line num="9" count="141" type="stmt"/>
        <line num="10" count="141" type="stmt"/>
      </file>
      <file name="Swordsman.js" path="C:\Users\speed\OneDrive\Рабочий стол\js-advanced-diploma\src\js\characters\Swordsman.js">
        <metrics statements="6" coveredstatements="6" conditionals="0" coveredconditionals="0" methods="1" coveredmethods="1"/>
        <line num="5" count="130" type="stmt"/>
        <line num="6" count="130" type="stmt"/>
        <line num="7" count="130" type="stmt"/>
        <line num="8" count="130" type="stmt"/>
        <line num="9" count="130" type="stmt"/>
        <line num="10" count="130" type="stmt"/>
      </file>
    </package>
  </project>
</coverage>
