{"C:\\Users\\speed\\OneDrive\\Рабочий стол\\js-advanced-diploma\\src\\js\\Character.js": {"path":"C:\\Users\\speed\\OneDrive\\Рабочий стол\\js-advanced-diploma\\src\\js\\Character.js","statementMap":{"0":{"start":{"line":17,"column":4},"end":{"line":17,"column":23}},"1":{"start":{"line":18,"column":4},"end":{"line":18,"column":20}},"2":{"start":{"line":19,"column":4},"end":{"line":19,"column":21}},"3":{"start":{"line":20,"column":4},"end":{"line":20,"column":21}},"4":{"start":{"line":21,"column":4},"end":{"line":21,"column":21}},"5":{"start":{"line":23,"column":4},"end":{"line":25,"column":5}},"6":{"start":{"line":24,"column":6},"end":{"line":24,"column":65}},"7":{"start":{"line":29,"column":4},"end":{"line":29,"column":107}},"8":{"start":{"line":33,"column":4},"end":{"line":35,"column":5}},"9":{"start":{"line":34,"column":6},"end":{"line":34,"column":22}},"10":{"start":{"line":36,"column":4},"end":{"line":36,"column":80}},"11":{"start":{"line":37,"column":4},"end":{"line":37,"column":83}},"12":{"start":{"line":38,"column":4},"end":{"line":38,"column":50}}},"fnMap":{"0":{"name":"(anonymous_0)","decl":{"start":{"line":16,"column":2},"end":{"line":16,"column":3}},"loc":{"start":{"line":16,"column":39},"end":{"line":26,"column":3}},"line":16},"1":{"name":"(anonymous_1)","decl":{"start":{"line":28,"column":2},"end":{"line":28,"column":3}},"loc":{"start":{"line":28,"column":22},"end":{"line":30,"column":3}},"line":28},"2":{"name":"(anonymous_2)","decl":{"start":{"line":32,"column":2},"end":{"line":32,"column":3}},"loc":{"start":{"line":32,"column":12},"end":{"line":39,"column":3}},"line":32}},"branchMap":{"0":{"loc":{"start":{"line":16,"column":21},"end":{"line":16,"column":37}},"type":"default-arg","locations":[{"start":{"line":16,"column":28},"end":{"line":16,"column":37}}],"line":16},"1":{"loc":{"start":{"line":23,"column":4},"end":{"line":25,"column":5}},"type":"if","locations":[{"start":{"line":23,"column":4},"end":{"line":25,"column":5}},{"start":{},"end":{}}],"line":23},"2":{"loc":{"start":{"line":33,"column":4},"end":{"line":35,"column":5}},"type":"if","locations":[{"start":{"line":33,"column":4},"end":{"line":35,"column":5}},{"start":{},"end":{}}],"line":33}},"s":{"0":415,"1":415,"2":415,"3":415,"4":415,"5":415,"6":1,"7":1,"8":0,"9":0,"10":0,"11":0,"12":0},"f":{"0":415,"1":1,"2":0},"b":{"0":[1],"1":[1,414],"2":[0,0]},"_coverageSchema":"1a1c01bbd47fc00a2c39e90264f33305004495a9","hash":"f66076c064dc69c510519ffddef800dab390b989"}
,"C:\\Users\\speed\\OneDrive\\Рабочий стол\\js-advanced-diploma\\src\\js\\PositionedCharacter.js": {"path":"C:\\Users\\speed\\OneDrive\\Рабочий стол\\js-advanced-diploma\\src\\js\\PositionedCharacter.js","statementMap":{"0":{"start":{"line":5,"column":4},"end":{"line":7,"column":5}},"1":{"start":{"line":6,"column":6},"end":{"line":6,"column":81}},"2":{"start":{"line":9,"column":4},"end":{"line":11,"column":5}},"3":{"start":{"line":10,"column":6},"end":{"line":10,"column":51}},"4":{"start":{"line":13,"column":4},"end":{"line":13,"column":31}},"5":{"start":{"line":14,"column":4},"end":{"line":14,"column":29}},"6":{"start":{"line":18,"column":21},"end":{"line":18,"column":43}},"7":{"start":{"line":19,"column":26},"end":{"line":19,"column":91}},"8":{"start":{"line":20,"column":4},"end":{"line":20,"column":50}},"9":{"start":{"line":24,"column":18},"end":{"line":24,"column":20}},"10":{"start":{"line":25,"column":16},"end":{"line":25,"column":48}},"11":{"start":{"line":26,"column":16},"end":{"line":26,"column":36}},"12":{"start":{"line":28,"column":4},"end":{"line":41,"column":5}},"13":{"start":{"line":28,"column":17},"end":{"line":28,"column":18}},"14":{"start":{"line":29,"column":6},"end":{"line":33,"column":7}},"15":{"start":{"line":30,"column":8},"end":{"line":30,"column":48}},"16":{"start":{"line":31,"column":8},"end":{"line":31,"column":72}},"17":{"start":{"line":31,"column":26},"end":{"line":31,"column":72}},"18":{"start":{"line":32,"column":8},"end":{"line":32,"column":79}},"19":{"start":{"line":32,"column":33},"end":{"line":32,"column":79}},"20":{"start":{"line":34,"column":6},"end":{"line":38,"column":7}},"21":{"start":{"line":35,"column":8},"end":{"line":35,"column":48}},"22":{"start":{"line":36,"column":8},"end":{"line":36,"column":72}},"23":{"start":{"line":36,"column":26},"end":{"line":36,"column":72}},"24":{"start":{"line":37,"column":8},"end":{"line":37,"column":79}},"25":{"start":{"line":37,"column":33},"end":{"line":37,"column":79}},"26":{"start":{"line":39,"column":6},"end":{"line":39,"column":64}},"27":{"start":{"line":39,"column":24},"end":{"line":39,"column":64}},"28":{"start":{"line":40,"column":6},"end":{"line":40,"column":71}},"29":{"start":{"line":40,"column":31},"end":{"line":40,"column":71}},"30":{"start":{"line":43,"column":4},"end":{"line":43,"column":17}},"31":{"start":{"line":48,"column":21},"end":{"line":48,"column":45}},"32":{"start":{"line":49,"column":28},"end":{"line":49,"column":89}},"33":{"start":{"line":50,"column":4},"end":{"line":50,"column":52}},"34":{"start":{"line":54,"column":20},"end":{"line":54,"column":22}},"35":{"start":{"line":55,"column":16},"end":{"line":55,"column":48}},"36":{"start":{"line":56,"column":16},"end":{"line":56,"column":36}},"37":{"start":{"line":58,"column":4},"end":{"line":66,"column":5}},"38":{"start":{"line":58,"column":20},"end":{"line":58,"column":29}},"39":{"start":{"line":59,"column":6},"end":{"line":65,"column":7}},"40":{"start":{"line":59,"column":22},"end":{"line":59,"column":31}},"41":{"start":{"line":60,"column":23},"end":{"line":60,"column":33}},"42":{"start":{"line":61,"column":23},"end":{"line":61,"column":33}},"43":{"start":{"line":62,"column":8},"end":{"line":64,"column":9}},"44":{"start":{"line":63,"column":10},"end":{"line":63,"column":52}},"45":{"start":{"line":68,"column":4},"end":{"line":68,"column":19}}},"fnMap":{"0":{"name":"(anonymous_0)","decl":{"start":{"line":4,"column":2},"end":{"line":4,"column":3}},"loc":{"start":{"line":4,"column":35},"end":{"line":15,"column":3}},"line":4},"1":{"name":"(anonymous_1)","decl":{"start":{"line":17,"column":2},"end":{"line":17,"column":3}},"loc":{"start":{"line":17,"column":71},"end":{"line":21,"column":3}},"line":17},"2":{"name":"(anonymous_2)","decl":{"start":{"line":23,"column":2},"end":{"line":23,"column":3}},"loc":{"start":{"line":23,"column":56},"end":{"line":44,"column":3}},"line":23},"3":{"name":"(anonymous_3)","decl":{"start":{"line":47,"column":2},"end":{"line":47,"column":3}},"loc":{"start":{"line":47,"column":76},"end":{"line":51,"column":3}},"line":47},"4":{"name":"(anonymous_4)","decl":{"start":{"line":53,"column":2},"end":{"line":53,"column":3}},"loc":{"start":{"line":53,"column":52},"end":{"line":69,"column":3}},"line":53}},"branchMap":{"0":{"loc":{"start":{"line":5,"column":4},"end":{"line":7,"column":5}},"type":"if","locations":[{"start":{"line":5,"column":4},"end":{"line":7,"column":5}},{"start":{},"end":{}}],"line":5},"1":{"loc":{"start":{"line":9,"column":4},"end":{"line":11,"column":5}},"type":"if","locations":[{"start":{"line":9,"column":4},"end":{"line":11,"column":5}},{"start":{},"end":{}}],"line":9},"2":{"loc":{"start":{"line":29,"column":6},"end":{"line":33,"column":7}},"type":"if","locations":[{"start":{"line":29,"column":6},"end":{"line":33,"column":7}},{"start":{},"end":{}}],"line":29},"3":{"loc":{"start":{"line":31,"column":8},"end":{"line":31,"column":72}},"type":"if","locations":[{"start":{"line":31,"column":8},"end":{"line":31,"column":72}},{"start":{},"end":{}}],"line":31},"4":{"loc":{"start":{"line":32,"column":8},"end":{"line":32,"column":79}},"type":"if","locations":[{"start":{"line":32,"column":8},"end":{"line":32,"column":79}},{"start":{},"end":{}}],"line":32},"5":{"loc":{"start":{"line":34,"column":6},"end":{"line":38,"column":7}},"type":"if","locations":[{"start":{"line":34,"column":6},"end":{"line":38,"column":7}},{"start":{},"end":{}}],"line":34},"6":{"loc":{"start":{"line":36,"column":8},"end":{"line":36,"column":72}},"type":"if","locations":[{"start":{"line":36,"column":8},"end":{"line":36,"column":72}},{"start":{},"end":{}}],"line":36},"7":{"loc":{"start":{"line":37,"column":8},"end":{"line":37,"column":79}},"type":"if","locations":[{"start":{"line":37,"column":8},"end":{"line":37,"column":79}},{"start":{},"end":{}}],"line":37},"8":{"loc":{"start":{"line":39,"column":6},"end":{"line":39,"column":64}},"type":"if","locations":[{"start":{"line":39,"column":6},"end":{"line":39,"column":64}},{"start":{},"end":{}}],"line":39},"9":{"loc":{"start":{"line":40,"column":6},"end":{"line":40,"column":71}},"type":"if","locations":[{"start":{"line":40,"column":6},"end":{"line":40,"column":71}},{"start":{},"end":{}}],"line":40},"10":{"loc":{"start":{"line":62,"column":8},"end":{"line":64,"column":9}},"type":"if","locations":[{"start":{"line":62,"column":8},"end":{"line":64,"column":9}},{"start":{},"end":{}}],"line":62},"11":{"loc":{"start":{"line":62,"column":12},"end":{"line":62,"column":82}},"type":"binary-expr","locations":[{"start":{"line":62,"column":12},"end":{"line":62,"column":23}},{"start":{"line":62,"column":27},"end":{"line":62,"column":45}},{"start":{"line":62,"column":49},"end":{"line":62,"column":60}},{"start":{"line":62,"column":64},"end":{"line":62,"column":82}}],"line":62}},"s":{"0":11,"1":1,"2":10,"3":1,"4":9,"5":9,"6":0,"7":0,"8":0,"9":0,"10":0,"11":0,"12":0,"13":0,"14":0,"15":0,"16":0,"17":0,"18":0,"19":0,"20":0,"21":0,"22":0,"23":0,"24":0,"25":0,"26":0,"27":0,"28":0,"29":0,"30":0,"31":2,"32":2,"33":2,"34":2,"35":2,"36":2,"37":2,"38":2,"39":18,"40":18,"41":162,"42":162,"43":162,"44":50,"45":2},"f":{"0":11,"1":0,"2":0,"3":2,"4":2},"b":{"0":[1,10],"1":[1,9],"2":[0,0],"3":[0,0],"4":[0,0],"5":[0,0],"6":[0,0],"7":[0,0],"8":[0,0],"9":[0,0],"10":[50,112],"11":[162,90,90,50]},"_coverageSchema":"1a1c01bbd47fc00a2c39e90264f33305004495a9","hash":"8ba717f7f1e4cb6639f2da1420a809246e0c4045"}
,"C:\\Users\\speed\\OneDrive\\Рабочий стол\\js-advanced-diploma\\src\\js\\Team.js": {"path":"C:\\Users\\speed\\OneDrive\\Рабочий стол\\js-advanced-diploma\\src\\js\\Team.js","statementMap":{"0":{"start":{"line":19,"column":4},"end":{"line":19,"column":38}},"1":{"start":{"line":23,"column":4},"end":{"line":25,"column":5}},"2":{"start":{"line":24,"column":6},"end":{"line":24,"column":49}},"3":{"start":{"line":26,"column":4},"end":{"line":26,"column":32}},"4":{"start":{"line":30,"column":4},"end":{"line":32,"column":5}},"5":{"start":{"line":31,"column":6},"end":{"line":31,"column":34}},"6":{"start":{"line":36,"column":4},"end":{"line":36,"column":36}}},"fnMap":{"0":{"name":"(anonymous_0)","decl":{"start":{"line":18,"column":2},"end":{"line":18,"column":3}},"loc":{"start":{"line":18,"column":30},"end":{"line":20,"column":3}},"line":18},"1":{"name":"(anonymous_1)","decl":{"start":{"line":22,"column":2},"end":{"line":22,"column":3}},"loc":{"start":{"line":22,"column":17},"end":{"line":27,"column":3}},"line":22},"2":{"name":"(anonymous_2)","decl":{"start":{"line":29,"column":2},"end":{"line":29,"column":3}},"loc":{"start":{"line":29,"column":24},"end":{"line":33,"column":3}},"line":29},"3":{"name":"(anonymous_3)","decl":{"start":{"line":35,"column":2},"end":{"line":35,"column":3}},"loc":{"start":{"line":35,"column":19},"end":{"line":37,"column":3}},"line":35}},"branchMap":{"0":{"loc":{"start":{"line":18,"column":14},"end":{"line":18,"column":28}},"type":"default-arg","locations":[{"start":{"line":18,"column":26},"end":{"line":18,"column":28}}],"line":18},"1":{"loc":{"start":{"line":23,"column":4},"end":{"line":25,"column":5}},"type":"if","locations":[{"start":{"line":23,"column":4},"end":{"line":25,"column":5}},{"start":{},"end":{}}],"line":23}},"s":{"0":4,"1":3,"2":1,"3":2,"4":2,"5":8,"6":1},"f":{"0":4,"1":3,"2":2,"3":1},"b":{"0":[4],"1":[1,2]},"_coverageSchema":"1a1c01bbd47fc00a2c39e90264f33305004495a9","hash":"b70383d6a2f7bc549575cbe5be4c239693058f25"}
,"C:\\Users\\speed\\OneDrive\\Рабочий стол\\js-advanced-diploma\\src\\js\\generators.js": {"path":"C:\\Users\\speed\\OneDrive\\Рабочий стол\\js-advanced-diploma\\src\\js\\generators.js","statementMap":{"0":{"start":{"line":15,"column":2},"end":{"line":20,"column":3}},"1":{"start":{"line":16,"column":28},"end":{"line":16,"column":75}},"2":{"start":{"line":17,"column":24},"end":{"line":17,"column":64}},"3":{"start":{"line":18,"column":26},"end":{"line":18,"column":55}},"4":{"start":{"line":19,"column":4},"end":{"line":19,"column":41}},"5":{"start":{"line":32,"column":21},"end":{"line":32,"column":23}},"6":{"start":{"line":33,"column":26},"end":{"line":33,"column":68}},"7":{"start":{"line":35,"column":2},"end":{"line":37,"column":3}},"8":{"start":{"line":35,"column":15},"end":{"line":35,"column":16}},"9":{"start":{"line":36,"column":4},"end":{"line":36,"column":50}},"10":{"start":{"line":39,"column":15},"end":{"line":39,"column":35}},"11":{"start":{"line":41,"column":2},"end":{"line":41,"column":14}}},"fnMap":{"0":{"name":"characterGenerator","decl":{"start":{"line":13,"column":17},"end":{"line":13,"column":35}},"loc":{"start":{"line":13,"column":60},"end":{"line":21,"column":1}},"line":13},"1":{"name":"generateTeam","decl":{"start":{"line":30,"column":16},"end":{"line":30,"column":28}},"loc":{"start":{"line":30,"column":69},"end":{"line":42,"column":1}},"line":30}},"branchMap":{},"s":{"0":5,"1":403,"2":403,"3":403,"4":403,"5":3,"6":3,"7":3,"8":3,"9":103,"10":3,"11":3},"f":{"0":5,"1":3},"b":{},"_coverageSchema":"1a1c01bbd47fc00a2c39e90264f33305004495a9","hash":"cab05db56f167d857dc2beb9e4a7591dd1a8bcb9"}
,"C:\\Users\\speed\\OneDrive\\Рабочий стол\\js-advanced-diploma\\src\\js\\utils.js": {"path":"C:\\Users\\speed\\OneDrive\\Рабочий стол\\js-advanced-diploma\\src\\js\\utils.js","statementMap":{"0":{"start":{"line":28,"column":21},"end":{"line":28,"column":43}},"1":{"start":{"line":30,"column":2},"end":{"line":61,"column":3}},"2":{"start":{"line":32,"column":6},"end":{"line":32,"column":24}},"3":{"start":{"line":35,"column":6},"end":{"line":35,"column":25}},"4":{"start":{"line":38,"column":6},"end":{"line":38,"column":27}},"5":{"start":{"line":41,"column":6},"end":{"line":41,"column":28}},"6":{"start":{"line":44,"column":6},"end":{"line":44,"column":19}},"7":{"start":{"line":47,"column":6},"end":{"line":47,"column":22}},"8":{"start":{"line":52,"column":6},"end":{"line":52,"column":20}},"9":{"start":{"line":57,"column":6},"end":{"line":57,"column":21}},"10":{"start":{"line":60,"column":6},"end":{"line":60,"column":22}},"11":{"start":{"line":65,"column":2},"end":{"line":67,"column":3}},"12":{"start":{"line":66,"column":4},"end":{"line":66,"column":22}},"13":{"start":{"line":69,"column":2},"end":{"line":71,"column":3}},"14":{"start":{"line":70,"column":4},"end":{"line":70,"column":20}},"15":{"start":{"line":73,"column":2},"end":{"line":73,"column":16}}},"fnMap":{"0":{"name":"calcTileType","decl":{"start":{"line":25,"column":16},"end":{"line":25,"column":28}},"loc":{"start":{"line":25,"column":47},"end":{"line":62,"column":1}},"line":25},"1":{"name":"calcHealthLevel","decl":{"start":{"line":64,"column":16},"end":{"line":64,"column":31}},"loc":{"start":{"line":64,"column":40},"end":{"line":74,"column":1}},"line":64}},"branchMap":{"0":{"loc":{"start":{"line":30,"column":2},"end":{"line":61,"column":3}},"type":"switch","locations":[{"start":{"line":31,"column":4},"end":{"line":32,"column":24}},{"start":{"line":34,"column":4},"end":{"line":35,"column":25}},{"start":{"line":37,"column":4},"end":{"line":38,"column":27}},{"start":{"line":40,"column":4},"end":{"line":41,"column":28}},{"start":{"line":43,"column":4},"end":{"line":44,"column":19}},{"start":{"line":46,"column":4},"end":{"line":47,"column":22}},{"start":{"line":49,"column":4},"end":{"line":52,"column":20}},{"start":{"line":54,"column":4},"end":{"line":57,"column":21}},{"start":{"line":59,"column":4},"end":{"line":60,"column":22}}],"line":30},"1":{"loc":{"start":{"line":43,"column":9},"end":{"line":43,"column":43}},"type":"binary-expr","locations":[{"start":{"line":43,"column":9},"end":{"line":43,"column":18}},{"start":{"line":43,"column":22},"end":{"line":43,"column":43}}],"line":43},"2":{"loc":{"start":{"line":46,"column":9},"end":{"line":46,"column":62}},"type":"binary-expr","locations":[{"start":{"line":46,"column":9},"end":{"line":46,"column":40}},{"start":{"line":46,"column":44},"end":{"line":46,"column":62}}],"line":46},"3":{"loc":{"start":{"line":49,"column":9},"end":{"line":51,"column":38}},"type":"binary-expr","locations":[{"start":{"line":49,"column":9},"end":{"line":49,"column":32}},{"start":{"line":50,"column":6},"end":{"line":50,"column":17}},{"start":{"line":51,"column":6},"end":{"line":51,"column":38}}],"line":49},"4":{"loc":{"start":{"line":54,"column":9},"end":{"line":56,"column":30}},"type":"binary-expr","locations":[{"start":{"line":54,"column":9},"end":{"line":54,"column":38}},{"start":{"line":55,"column":6},"end":{"line":55,"column":29}},{"start":{"line":56,"column":6},"end":{"line":56,"column":30}}],"line":54},"5":{"loc":{"start":{"line":65,"column":2},"end":{"line":67,"column":3}},"type":"if","locations":[{"start":{"line":65,"column":2},"end":{"line":67,"column":3}},{"start":{},"end":{}}],"line":65},"6":{"loc":{"start":{"line":69,"column":2},"end":{"line":71,"column":3}},"type":"if","locations":[{"start":{"line":69,"column":2},"end":{"line":71,"column":3}},{"start":{},"end":{}}],"line":69}},"s":{"0":9,"1":9,"2":1,"3":1,"4":1,"5":1,"6":1,"7":1,"8":1,"9":1,"10":1,"11":0,"12":0,"13":0,"14":0,"15":0},"f":{"0":9,"1":0},"b":{"0":[1,1,1,1,1,1,1,1,1],"1":[5,5],"2":[4,1],"3":[3,1,1],"4":[2,1,1],"5":[0,0],"6":[0,0]},"_coverageSchema":"1a1c01bbd47fc00a2c39e90264f33305004495a9","hash":"4210e324897e4c4fa3c13eb028a169502f53d2c8"}
,"C:\\Users\\speed\\OneDrive\\Рабочий стол\\js-advanced-diploma\\src\\js\\characters\\Bowman.js": {"path":"C:\\Users\\speed\\OneDrive\\Рабочий стол\\js-advanced-diploma\\src\\js\\characters\\Bowman.js","statementMap":{"0":{"start":{"line":5,"column":8},"end":{"line":5,"column":31}},"1":{"start":{"line":6,"column":8},"end":{"line":6,"column":27}},"2":{"start":{"line":7,"column":8},"end":{"line":7,"column":25}},"3":{"start":{"line":8,"column":8},"end":{"line":8,"column":26}},"4":{"start":{"line":9,"column":8},"end":{"line":9,"column":30}},"5":{"start":{"line":10,"column":8},"end":{"line":10,"column":32}}},"fnMap":{"0":{"name":"(anonymous_0)","decl":{"start":{"line":4,"column":4},"end":{"line":4,"column":5}},"loc":{"start":{"line":4,"column":24},"end":{"line":11,"column":5}},"line":4}},"branchMap":{},"s":{"0":143,"1":143,"2":143,"3":143,"4":143,"5":143},"f":{"0":143},"b":{},"_coverageSchema":"1a1c01bbd47fc00a2c39e90264f33305004495a9","hash":"d420b053beaf471d278e0ba3373df5ea9a2664c3"}
,"C:\\Users\\speed\\OneDrive\\Рабочий стол\\js-advanced-diploma\\src\\js\\characters\\Magician.js": {"path":"C:\\Users\\speed\\OneDrive\\Рабочий стол\\js-advanced-diploma\\src\\js\\characters\\Magician.js","statementMap":{"0":{"start":{"line":5,"column":8},"end":{"line":5,"column":33}},"1":{"start":{"line":6,"column":8},"end":{"line":6,"column":27}},"2":{"start":{"line":7,"column":8},"end":{"line":7,"column":25}},"3":{"start":{"line":8,"column":8},"end":{"line":8,"column":26}},"4":{"start":{"line":9,"column":8},"end":{"line":9,"column":30}},"5":{"start":{"line":10,"column":8},"end":{"line":10,"column":32}}},"fnMap":{"0":{"name":"(anonymous_0)","decl":{"start":{"line":4,"column":4},"end":{"line":4,"column":5}},"loc":{"start":{"line":4,"column":24},"end":{"line":11,"column":5}},"line":4}},"branchMap":{},"s":{"0":141,"1":141,"2":141,"3":141,"4":141,"5":141},"f":{"0":141},"b":{},"_coverageSchema":"1a1c01bbd47fc00a2c39e90264f33305004495a9","hash":"ed6333dc0b7387ef5f0329a4d17196570bef2d98"}
,"C:\\Users\\speed\\OneDrive\\Рабочий стол\\js-advanced-diploma\\src\\js\\characters\\Swordsman.js": {"path":"C:\\Users\\speed\\OneDrive\\Рабочий стол\\js-advanced-diploma\\src\\js\\characters\\Swordsman.js","statementMap":{"0":{"start":{"line":5,"column":8},"end":{"line":5,"column":34}},"1":{"start":{"line":6,"column":8},"end":{"line":6,"column":27}},"2":{"start":{"line":7,"column":8},"end":{"line":7,"column":25}},"3":{"start":{"line":8,"column":8},"end":{"line":8,"column":26}},"4":{"start":{"line":9,"column":8},"end":{"line":9,"column":30}},"5":{"start":{"line":10,"column":8},"end":{"line":10,"column":32}}},"fnMap":{"0":{"name":"(anonymous_0)","decl":{"start":{"line":4,"column":4},"end":{"line":4,"column":5}},"loc":{"start":{"line":4,"column":24},"end":{"line":11,"column":5}},"line":4}},"branchMap":{},"s":{"0":130,"1":130,"2":130,"3":130,"4":130,"5":130},"f":{"0":130},"b":{},"_coverageSchema":"1a1c01bbd47fc00a2c39e90264f33305004495a9","hash":"b5ca20e5e8711c5f25fff946234524f4b8da4fdf"}
}
