TN:
SF:src\js\Character.js
FN:16,(anonymous_0)
FN:28,(anonymous_1)
FN:32,(anonymous_2)
FNF:3
FNH:2
FNDA:415,(anonymous_0)
FNDA:1,(anonymous_1)
FNDA:0,(anonymous_2)
DA:17,415
DA:18,415
DA:19,415
DA:20,415
DA:21,415
DA:23,415
DA:24,1
DA:29,1
DA:33,0
DA:34,0
DA:36,0
DA:37,0
DA:38,0
LF:13
LH:8
BRDA:16,0,0,1
BRDA:23,1,0,1
BRDA:23,1,1,414
BRDA:33,2,0,0
BRDA:33,2,1,0
BRF:5
BRH:3
end_of_record
TN:
SF:src\js\PositionedCharacter.js
FN:4,(anonymous_0)
FN:17,(anonymous_1)
FN:23,(anonymous_2)
FN:47,(anonymous_3)
FN:53,(anonymous_4)
FNF:5
FNH:3
FNDA:11,(anonymous_0)
FNDA:0,(anonymous_1)
FNDA:0,(anonymous_2)
FNDA:2,(anonymous_3)
FNDA:2,(anonymous_4)
DA:5,11
DA:6,1
DA:9,10
DA:10,1
DA:13,9
DA:14,9
DA:18,0
DA:19,0
DA:20,0
DA:24,0
DA:25,0
DA:26,0
DA:28,0
DA:29,0
DA:30,0
DA:31,0
DA:32,0
DA:34,0
DA:35,0
DA:36,0
DA:37,0
DA:39,0
DA:40,0
DA:43,0
DA:48,2
DA:49,2
DA:50,2
DA:54,2
DA:55,2
DA:56,2
DA:58,2
DA:59,18
DA:60,162
DA:61,162
DA:62,162
DA:63,50
DA:68,2
LF:37
LH:19
BRDA:5,0,0,1
BRDA:5,0,1,10
BRDA:9,1,0,1
BRDA:9,1,1,9
BRDA:29,2,0,0
BRDA:29,2,1,0
BRDA:31,3,0,0
BRDA:31,3,1,0
BRDA:32,4,0,0
BRDA:32,4,1,0
BRDA:34,5,0,0
BRDA:34,5,1,0
BRDA:36,6,0,0
BRDA:36,6,1,0
BRDA:37,7,0,0
BRDA:37,7,1,0
BRDA:39,8,0,0
BRDA:39,8,1,0
BRDA:40,9,0,0
BRDA:40,9,1,0
BRDA:62,10,0,50
BRDA:62,10,1,112
BRDA:62,11,0,162
BRDA:62,11,1,90
BRDA:62,11,2,90
BRDA:62,11,3,50
BRF:26
BRH:10
end_of_record
TN:
SF:src\js\Team.js
FN:18,(anonymous_0)
FN:22,(anonymous_1)
FN:29,(anonymous_2)
FN:35,(anonymous_3)
FNF:4
FNH:4
FNDA:4,(anonymous_0)
FNDA:3,(anonymous_1)
FNDA:2,(anonymous_2)
FNDA:1,(anonymous_3)
DA:19,4
DA:23,3
DA:24,1
DA:26,2
DA:30,2
DA:31,8
DA:36,1
LF:7
LH:7
BRDA:18,0,0,4
BRDA:23,1,0,1
BRDA:23,1,1,2
BRF:3
BRH:3
end_of_record
TN:
SF:src\js\generators.js
FN:13,characterGenerator
FN:30,generateTeam
FNF:2
FNH:2
FNDA:5,characterGenerator
FNDA:3,generateTeam
DA:15,5
DA:16,403
DA:17,403
DA:18,403
DA:19,403
DA:32,3
DA:33,3
DA:35,3
DA:36,103
DA:39,3
DA:41,3
LF:11
LH:11
BRF:0
BRH:0
end_of_record
TN:
SF:src\js\utils.js
FN:25,calcTileType
FN:64,calcHealthLevel
FNF:2
FNH:1
FNDA:9,calcTileType
FNDA:0,calcHealthLevel
DA:28,9
DA:30,9
DA:32,1
DA:35,1
DA:38,1
DA:41,1
DA:44,1
DA:47,1
DA:52,1
DA:57,1
DA:60,1
DA:65,0
DA:66,0
DA:69,0
DA:70,0
DA:73,0
LF:16
LH:11
BRDA:30,0,0,1
BRDA:30,0,1,1
BRDA:30,0,2,1
BRDA:30,0,3,1
BRDA:30,0,4,1
BRDA:30,0,5,1
BRDA:30,0,6,1
BRDA:30,0,7,1
BRDA:30,0,8,1
BRDA:43,1,0,5
BRDA:43,1,1,5
BRDA:46,2,0,4
BRDA:46,2,1,1
BRDA:49,3,0,3
BRDA:49,3,1,1
BRDA:49,3,2,1
BRDA:54,4,0,2
BRDA:54,4,1,1
BRDA:54,4,2,1
BRDA:65,5,0,0
BRDA:65,5,1,0
BRDA:69,6,0,0
BRDA:69,6,1,0
BRF:23
BRH:19
end_of_record
TN:
SF:src\js\characters\Bowman.js
FN:4,(anonymous_0)
FNF:1
FNH:1
FNDA:143,(anonymous_0)
DA:5,143
DA:6,143
DA:7,143
DA:8,143
DA:9,143
DA:10,143
LF:6
LH:6
BRF:0
BRH:0
end_of_record
TN:
SF:src\js\characters\Magician.js
FN:4,(anonymous_0)
FNF:1
FNH:1
FNDA:141,(anonymous_0)
DA:5,141
DA:6,141
DA:7,141
DA:8,141
DA:9,141
DA:10,141
LF:6
LH:6
BRF:0
BRH:0
end_of_record
TN:
SF:src\js\characters\Swordsman.js
FN:4,(anonymous_0)
FNF:1
FNH:1
FNDA:130,(anonymous_0)
DA:5,130
DA:6,130
DA:7,130
DA:8,130
DA:9,130
DA:10,130
LF:6
LH:6
BRF:0
BRH:0
end_of_record
